<?xml version="1.0" encoding="UTF-8"?>
<testng-results ignored="0" total="2" passed="1" failed="1" skipped="0">
  <reporter-output>
  </reporter-output>
  <suite started-at="2025-08-22T12:11:53 IST" name="Default suite" finished-at="2025-08-22T12:12:59 IST" duration-ms="65672">
    <groups>
      <group name="cucumber">
        <method signature="AbstractTestNGCucumberTests.runScenario(io.cucumber.testng.PickleWrapper,io.cucumber.testng.FeatureWrapper)[pri:0, instance:runner.TestRunner@587e5365]" name="runScenario" class="io.cucumber.testng.AbstractTestNGCucumberTests"/>
      </group> <!-- cucumber -->
    </groups>
    <test started-at="2025-08-22T12:11:53 IST" name="Default test" finished-at="2025-08-22T12:12:59 IST" duration-ms="65672">
      <class name="runner.TestRunner">
        <test-method is-config="true" signature="setUpClass(org.testng.ITestContext)[pri:0, instance:runner.TestRunner@587e5365]" started-at="2025-08-22T12:11:53 IST" name="setUpClass" finished-at="2025-08-22T12:11:55 IST" duration-ms="1856" status="PASS">
          <params>
            <param index="0">
              <value>
                <![CDATA[org.testng.TestRunner@5d512ddb]]>
              </value>
            </param>
          </params>
          <reporter-output>
          </reporter-output>
        </test-method> <!-- setUpClass -->
        <test-method signature="runScenario(io.cucumber.testng.PickleWrapper,io.cucumber.testng.FeatureWrapper)[pri:0, instance:runner.TestRunner@587e5365]" started-at="2025-08-22T12:11:55 IST" name="runScenario" description="Runs Cucumber Scenarios" data-provider="scenarios" finished-at="2025-08-22T12:12:31 IST" duration-ms="35843" status="PASS">
          <params>
            <param index="0">
              <value>
                <![CDATA["Placing the order successfully"]]>
              </value>
            </param>
            <param index="1">
              <value>
                <![CDATA["Placeorder"]]>
              </value>
            </param>
          </params>
          <reporter-output>
          </reporter-output>
        </test-method> <!-- runScenario -->
        <test-method signature="runScenario(io.cucumber.testng.PickleWrapper,io.cucumber.testng.FeatureWrapper)[pri:0, instance:runner.TestRunner@587e5365]" started-at="2025-08-22T12:12:31 IST" name="runScenario" description="Runs Cucumber Scenarios" data-provider="scenarios" finished-at="2025-08-22T12:12:58 IST" duration-ms="27201" status="FAIL">
          <params>
            <param index="0">
              <value>
                <![CDATA["Placing the order successfully"]]>
              </value>
            </param>
            <param index="1">
              <value>
                <![CDATA["Placeorder"]]>
              </value>
            </param>
          </params>
          <exception class="java.lang.AssertionError">
            <message>
              <![CDATA[expected [true] but found [false]]]>
            </message>
            <full-stacktrace>
              <![CDATA[java.lang.AssertionError: expected [true] but found [false]
at org.testng.Assert.fail(Assert.java:111)
at org.testng.Assert.failNotEquals(Assert.java:1590)
at org.testng.Assert.assertTrue(Assert.java:57)
at org.testng.Assert.assertTrue(Assert.java:67)
at stepdefinitions.PlaceOrderStepDef.the_user_clicks_on_add_to_cart_button(PlaceOrderStepDef.java:58)
at âœ½.the user clicks on Add to Cart button(file:///C:/Users/LENOVO/OneDrive/Desktop/CAPGEMINI%20%20training/BDD_SauceDemo/src/test/resources/features/placeorder.feature:7)
]]>
            </full-stacktrace>
          </exception> <!-- java.lang.AssertionError -->
          <reporter-output>
          </reporter-output>
        </test-method> <!-- runScenario -->
        <test-method is-config="true" signature="tearDownClass()[pri:0, instance:runner.TestRunner@587e5365]" started-at="2025-08-22T12:12:58 IST" name="tearDownClass" finished-at="2025-08-22T12:12:59 IST" duration-ms="682" status="PASS">
          <reporter-output>
          </reporter-output>
        </test-method> <!-- tearDownClass -->
      </class> <!-- runner.TestRunner -->
    </test> <!-- Default test -->
  </suite> <!-- Default suite -->
</testng-results>
